<?xml version="1.0" encoding="UTF-8"?>
<!-- Generated by org.testng.reporters.JUnitReportReporter -->
<testsuite hostname="Syrgas-MBP.lan" failures="0" tests="3" name="com.automation.test.LoginTest" time="0.013" errors="0" timestamp="2023-01-21T01:55:31 CST" skipped="0">
  <testcase classname="com.automation.test.LoginTest" name="thirdTest" time="0.001"/>
  <system-out/>
  <testcase classname="com.automation.test.LoginTest" name="verifyLoginSuccessful" time="0.003"/>
  <system-out/>
  <testcase classname="com.automation.test.LoginTest" name="secondTest" time="0.009"/>
  <system-out/>
</testsuite> <!-- com.automation.test.LoginTest -->
