<?xml version="1.0" encoding="UTF-8"?>
<!-- Generated by org.testng.reporters.JUnitReportReporter -->
<testsuite hostname="Syrgas-MBP.lan" failures="0" tests="1" name="com.automation.test.CartPageTest" time="0.008" errors="0" timestamp="2023-01-20T23:41:53 CST" skipped="0">
  <testcase classname="com.automation.test.CartPageTest" name="verifyUserCanRemoveItemFromCart" time="0.008"/>
  <system-out/>
</testsuite> <!-- com.automation.test.CartPageTest -->
