<?xml version="1.0" encoding="UTF-8"?>
<!-- Generated by org.testng.reporters.JUnitReportReporter -->
<testsuite hostname="Syrgas-MBP.lan" failures="0" tests="2" name="com.automation.test.OrderCancellationOrderTest" time="0.000" errors="0" timestamp="2023-01-15T18:59:06 CST" skipped="0">
  <testcase classname="com.automation.test.OrderCancellationOrderTest" name="verifyUserCannotCancelOrderAfterShipment" time="0.000"/>
  <system-out/>
  <testcase classname="com.automation.test.OrderCancellationOrderTest" name="verifyUserCanCancelOrder" time="0.000"/>
  <system-out/>
</testsuite> <!-- com.automation.test.OrderCancellationOrderTest -->
