<?xml version="1.0" encoding="UTF-8"?>
<!-- Generated by org.testng.reporters.JUnitReportReporter -->
<testsuite hostname="Syrgas-MBP.lan" failures="0" tests="3" name="com.automation.test.CartPageTest" time="0.010" errors="0" timestamp="2023-01-15T18:59:06 CST" skipped="0">
  <testcase classname="com.automation.test.CartPageTest" name="verifyUserCanRemoveItemFromCart" time="0.002"/>
  <system-out/>
  <testcase classname="com.automation.test.CartPageTest" name="verifyUserCanChangeQuantityOfItemOnCart" time="0.000"/>
  <system-out/>
  <testcase classname="com.automation.test.CartPageTest" name="verifyUserCanAddItemIntoCart" time="0.008"/>
  <system-out/>
</testsuite> <!-- com.automation.test.CartPageTest -->
