<?xml version="1.0" encoding="UTF-8"?>
<!-- Generated by org.testng.reporters.JUnitReportReporter -->
<testsuite hostname="Syrgas-MBP.lan" failures="0" tests="3" name="com.automation.test.ProductListingPageTest" time="0.004" errors="0" timestamp="2023-01-15T18:59:06 CST" skipped="0">
  <testcase classname="com.automation.test.ProductListingPageTest" name="verifyEachProductHasAddToCartButton" time="0.001"/>
  <system-out/>
  <testcase classname="com.automation.test.ProductListingPageTest" name="verifyEachProductPrice" time="0.002"/>
  <system-out/>
  <testcase classname="com.automation.test.ProductListingPageTest" name="verifyEachProductHasStockInformation" time="0.001"/>
  <system-out/>
</testsuite> <!-- com.automation.test.ProductListingPageTest -->
